This file contains any messages produced by compilers while
running configure, to aid debugging if configure makes a mistake.

It was created by PCRE configure 8.12, which was
generated by GNU Autoconf 2.65.  Invocation command line was

  $ ./configure --prefix=/d/pcre-8.12/build/

## --------- ##
## Platform. ##
## --------- ##

hostname = YF1-A017-D
uname -m = i686
uname -r = 1.0.16(0.48/3/2)
uname -s = MINGW32_NT-5.1
uname -v = 2010-09-29 00:07

/usr/bin/uname -p = unknown
/bin/uname -X     = unknown

/bin/arch              = unknown
/usr/bin/arch -k       = unknown
/usr/convex/getsysinfo = unknown
/usr/bin/hostinfo      = unknown
/bin/machine           = unknown
/usr/bin/oslevel       = unknown
/bin/universe          = unknown

PATH: .
PATH: /usr/local/bin
PATH: /mingw/bin
PATH: /bin
PATH: /c/Program Files/Microsoft Visual Studio 8/Common7/IDE
PATH: /c/Program Files/Microsoft Visual Studio 8/VC/BIN
PATH: /c/Program Files/Microsoft Visual Studio 8/Common7/Tools
PATH: /c/Program Files/Microsoft Visual Studio 8/Common7/Tools/bin
PATH: /c/Program Files/Microsoft Visual Studio 8/VC/PlatformSDK/bin
PATH: /c/Program Files/Microsoft Visual Studio 8/SDK/v2.0/bin
PATH: /c/WINDOWS/Microsoft.NET/Framework/v2.0.50727
PATH: /c/Program Files/Microsoft Visual Studio 8/VC/VCPackages
PATH: /c/WINDOWS/system32
PATH: /c/WINDOWS
PATH: /c/WINDOWS/System32/Wbem
PATH: /c/Program Files/TortoiseSVN/bin
PATH: /c/Program Files/CVSNT/


## ----------- ##
## Core tests. ##
## ----------- ##

configure:2674: checking for a BSD-compatible install
configure:2742: result: /mingw/bin/install -c
configure:2753: checking whether build environment is sane
configure:2803: result: yes
configure:2944: checking for a thread-safe mkdir -p
configure:2983: result: /mingw/bin/mkdir -p
configure:2996: checking for gawk
configure:3012: found /mingw/bin/gawk
configure:3023: result: gawk
configure:3034: checking whether make sets $(MAKE)
configure:3056: result: yes
configure:3203: checking for gcc
configure:3219: found /mingw/bin/gcc
configure:3230: result: gcc
configure:3459: checking for C compiler version
configure:3468: gcc --version >&5
gcc.exe (GCC) 4.5.2
Copyright (C) 2010 Free Software Foundation, Inc.
This is free software; see the source for copying conditions.  There is NO
warranty; not even for MERCHANTABILITY or FITNESS FOR A PARTICULAR PURPOSE.

configure:3479: $? = 0
configure:3468: gcc -v >&5
Using built-in specs.
COLLECT_GCC=C:\MinGW\bin\gcc.exe
COLLECT_LTO_WRAPPER=c:/mingw/bin/../libexec/gcc/mingw32/4.5.2/lto-wrapper.exe
Target: mingw32
Configured with: ../gcc-4.5.2/configure --enable-languages=c,c++,ada,fortran,objc,obj-c++ --disable-sjlj-exceptions --with-dwarf2 --enable-shared --enable-libgomp --disable-win32-registry --enable-libstdcxx-debug --enable-version-specific-runtime-libs --disable-werror --build=mingw32 --prefix=/mingw
Thread model: win32
gcc version 4.5.2 (GCC) 
configure:3479: $? = 0
configure:3468: gcc -V >&5
gcc.exe: '-V' option must have argument
configure:3479: $? = 1
configure:3468: gcc -qversion >&5
gcc.exe: unrecognized option '-qversion'
gcc.exe: no input files
configure:3479: $? = 1
configure:3499: checking whether the C compiler works
configure:3521: gcc    conftest.c  >&5
configure:3525: $? = 0
configure:3574: result: yes
configure:3577: checking for C compiler default output file name
configure:3579: result: a.exe
configure:3585: checking for suffix of executables
configure:3592: gcc -o conftest.exe    conftest.c  >&5
configure:3596: $? = 0
configure:3618: result: .exe
configure:3640: checking whether we are cross compiling
configure:3648: gcc -o conftest.exe    conftest.c  >&5
configure:3652: $? = 0
configure:3659: ./conftest.exe
configure:3663: $? = 0
configure:3678: result: no
configure:3683: checking for suffix of object files
configure:3705: gcc -c   conftest.c >&5
configure:3709: $? = 0
configure:3730: result: o
configure:3734: checking whether we are using the GNU C compiler
configure:3753: gcc -c   conftest.c >&5
configure:3753: $? = 0
configure:3762: result: yes
configure:3771: checking whether gcc accepts -g
configure:3791: gcc -c -g  conftest.c >&5
configure:3791: $? = 0
configure:3832: result: yes
configure:3849: checking for gcc option to accept ISO C89
configure:3913: gcc  -c -g -O2  conftest.c >&5
configure:3913: $? = 0
configure:3926: result: none needed
configure:3957: checking for style of include used by make
configure:3985: result: GNU
configure:4010: checking dependency style of gcc
configure:4120: result: gcc3
configure:4193: checking for g++
configure:4209: found /mingw/bin/g++
configure:4220: result: g++
configure:4247: checking for C++ compiler version
configure:4256: g++ --version >&5
g++.exe (GCC) 4.5.2
Copyright (C) 2010 Free Software Foundation, Inc.
This is free software; see the source for copying conditions.  There is NO
warranty; not even for MERCHANTABILITY or FITNESS FOR A PARTICULAR PURPOSE.

configure:4267: $? = 0
configure:4256: g++ -v >&5
Using built-in specs.
COLLECT_GCC=C:\MinGW\bin\g++.exe
COLLECT_LTO_WRAPPER=c:/mingw/bin/../libexec/gcc/mingw32/4.5.2/lto-wrapper.exe
Target: mingw32
Configured with: ../gcc-4.5.2/configure --enable-languages=c,c++,ada,fortran,objc,obj-c++ --disable-sjlj-exceptions --with-dwarf2 --enable-shared --enable-libgomp --disable-win32-registry --enable-libstdcxx-debug --enable-version-specific-runtime-libs --disable-werror --build=mingw32 --prefix=/mingw
Thread model: win32
gcc version 4.5.2 (GCC) 
configure:4267: $? = 0
configure:4256: g++ -V >&5
g++.exe: '-V' option must have argument
configure:4267: $? = 1
configure:4256: g++ -qversion >&5
g++.exe: unrecognized option '-qversion'
g++.exe: no input files
configure:4267: $? = 1
configure:4271: checking whether we are using the GNU C++ compiler
configure:4290: g++ -c   conftest.cpp >&5
configure:4290: $? = 0
configure:4299: result: yes
configure:4308: checking whether g++ accepts -g
configure:4328: g++ -c -g  conftest.cpp >&5
configure:4328: $? = 0
configure:4369: result: yes
configure:4394: checking dependency style of g++
configure:4504: result: gcc3
configure:4562: g++ -c -O2  conftest.cpp >&5
configure:4562: $? = 0
configure:4582: checking how to run the C preprocessor
configure:4613: gcc -E  conftest.c
configure:4613: $? = 0
configure:4627: gcc -E  conftest.c
conftest.c:11:28: fatal error: ac_nonexistent.h: No such file or directory
compilation terminated.
configure:4627: $? = 1
configure: failed program was:
| /* confdefs.h */
| #define PACKAGE_NAME "PCRE"
| #define PACKAGE_TARNAME "pcre"
| #define PACKAGE_VERSION "8.12"
| #define PACKAGE_STRING "PCRE 8.12"
| #define PACKAGE_BUGREPORT ""
| #define PACKAGE_URL ""
| #define PACKAGE "pcre"
| #define VERSION "8.12"
| /* end confdefs.h.  */
| #include <ac_nonexistent.h>
configure:4652: result: gcc -E
configure:4672: gcc -E  conftest.c
configure:4672: $? = 0
configure:4686: gcc -E  conftest.c
conftest.c:11:28: fatal error: ac_nonexistent.h: No such file or directory
compilation terminated.
configure:4686: $? = 1
configure: failed program was:
| /* confdefs.h */
| #define PACKAGE_NAME "PCRE"
| #define PACKAGE_TARNAME "pcre"
| #define PACKAGE_VERSION "8.12"
| #define PACKAGE_STRING "PCRE 8.12"
| #define PACKAGE_BUGREPORT ""
| #define PACKAGE_URL ""
| #define PACKAGE "pcre"
| #define VERSION "8.12"
| /* end confdefs.h.  */
| #include <ac_nonexistent.h>
configure:4715: checking for grep that handles long lines and -e
configure:4773: result: /mingw/bin/grep
configure:4778: checking for egrep
configure:4840: result: /mingw/bin/grep -E
configure:4845: checking for ANSI C header files
configure:4865: gcc -c -O2  conftest.c >&5
configure:4865: $? = 0
configure:4938: gcc -o conftest.exe -O2   conftest.c  >&5
configure:4938: $? = 0
configure:4938: ./conftest.exe
configure:4938: $? = 0
configure:4949: result: yes
configure:4962: checking for sys/types.h
configure:4962: gcc -c -O2  conftest.c >&5
configure:4962: $? = 0
configure:4962: result: yes
configure:4962: checking for sys/stat.h
configure:4962: gcc -c -O2  conftest.c >&5
configure:4962: $? = 0
configure:4962: result: yes
configure:4962: checking for stdlib.h
configure:4962: gcc -c -O2  conftest.c >&5
configure:4962: $? = 0
configure:4962: result: yes
configure:4962: checking for string.h
configure:4962: gcc -c -O2  conftest.c >&5
configure:4962: $? = 0
configure:4962: result: yes
configure:4962: checking for memory.h
configure:4962: gcc -c -O2  conftest.c >&5
configure:4962: $? = 0
configure:4962: result: yes
configure:4962: checking for strings.h
configure:4962: gcc -c -O2  conftest.c >&5
configure:4962: $? = 0
configure:4962: result: yes
configure:4962: checking for inttypes.h
configure:4962: gcc -c -O2  conftest.c >&5
configure:4962: $? = 0
configure:4962: result: yes
configure:4962: checking for stdint.h
configure:4962: gcc -c -O2  conftest.c >&5
configure:4962: $? = 0
configure:4962: result: yes
configure:4962: checking for unistd.h
configure:4962: gcc -c -O2  conftest.c >&5
configure:4962: $? = 0
configure:4962: result: yes
configure:4975: checking for int64_t
configure:4975: gcc -c -O2  conftest.c >&5
configure:4975: $? = 0
configure:4975: gcc -c -O2  conftest.c >&5
conftest.c: In function 'main':
conftest.c:59:53: warning: integer overflow in expression
conftest.c:58:12: error: size of array 'test_array' is negative
conftest.c:58:12: error: storage size of 'test_array' isn't constant
configure:4975: $? = 1
configure: failed program was:
| /* confdefs.h */
| #define PACKAGE_NAME "PCRE"
| #define PACKAGE_TARNAME "pcre"
| #define PACKAGE_VERSION "8.12"
| #define PACKAGE_STRING "PCRE 8.12"
| #define PACKAGE_BUGREPORT ""
| #define PACKAGE_URL ""
| #define PACKAGE "pcre"
| #define VERSION "8.12"
| #define STDC_HEADERS 1
| #define HAVE_SYS_TYPES_H 1
| #define HAVE_SYS_STAT_H 1
| #define HAVE_STDLIB_H 1
| #define HAVE_STRING_H 1
| #define HAVE_MEMORY_H 1
| #define HAVE_STRINGS_H 1
| #define HAVE_INTTYPES_H 1
| #define HAVE_STDINT_H 1
| #define HAVE_UNISTD_H 1
| /* end confdefs.h.  */
| #include <stdio.h>
| #ifdef HAVE_SYS_TYPES_H
| # include <sys/types.h>
| #endif
| #ifdef HAVE_SYS_STAT_H
| # include <sys/stat.h>
| #endif
| #ifdef STDC_HEADERS
| # include <stdlib.h>
| # include <stddef.h>
| #else
| # ifdef HAVE_STDLIB_H
| #  include <stdlib.h>
| # endif
| #endif
| #ifdef HAVE_STRING_H
| # if !defined STDC_HEADERS && defined HAVE_MEMORY_H
| #  include <memory.h>
| # endif
| # include <string.h>
| #endif
| #ifdef HAVE_STRINGS_H
| # include <strings.h>
| #endif
| #ifdef HAVE_INTTYPES_H
| # include <inttypes.h>
| #endif
| #ifdef HAVE_STDINT_H
| # include <stdint.h>
| #endif
| #ifdef HAVE_UNISTD_H
| # include <unistd.h>
| #endif
| 	        enum { N = 64 / 2 - 1 };
| int
| main ()
| {
| static int test_array [1 - 2 * !((int64_t) (((((int64_t) 1 << N) << N) - 1) * 2 + 1)
| 		 < (int64_t) (((((int64_t) 1 << N) << N) - 1) * 2 + 2))];
| test_array [0] = 0
| 
|   ;
|   return 0;
| }
configure:4975: result: yes
configure:4992: checking build system type
configure:5006: result: i686-pc-mingw32
configure:5026: checking host system type
configure:5039: result: i686-pc-mingw32
configure:5106: checking for as
configure:5122: found /mingw/bin/as
configure:5133: result: as
configure:5198: checking for dlltool
configure:5214: found /mingw/bin/dlltool
configure:5225: result: dlltool
configure:5290: checking for objdump
configure:5306: found /mingw/bin/objdump
configure:5317: result: objdump
configure:5408: checking how to print strings
configure:5435: result: printf
configure:5456: checking for a sed that does not truncate output
configure:5520: result: /mingw/bin/sed
configure:5538: checking for fgrep
configure:5600: result: /mingw/bin/grep -F
configure:5635: checking for ld used by gcc
configure:5702: result: c:/mingw/mingw32/bin/ld.exe
configure:5709: checking if the linker (c:/mingw/mingw32/bin/ld.exe) is GNU ld
configure:5724: result: yes
configure:5736: checking for BSD- or MS-compatible name lister (nm)
configure:5785: result: /mingw/bin/nm
configure:5915: checking the name lister (/mingw/bin/nm) interface
configure:5922: gcc -c -O2  conftest.c >&5
configure:5925: /mingw/bin/nm "conftest.o"
configure:5928: output
00000000 b .bss
00000000 d .data
00000000 t .text
00000000 B _some_variable
configure:5935: result: BSD nm
configure:5938: checking whether ln -s works
configure:5945: result: no, using cp -p
configure:5950: checking the maximum length of command line arguments
configure:6075: result: 8192
configure:6092: checking whether the shell understands some XSI constructs
configure:6102: result: yes
configure:6106: checking whether the shell understands "+="
configure:6112: result: yes
configure:6147: checking for c:/mingw/mingw32/bin/ld.exe option to reload object files
configure:6154: result: -r
configure:6223: checking for objdump
configure:6250: result: objdump
configure:6279: checking how to recognize dependent libraries
configure:6481: result: file_magic ^x86 archive import|^x86 DLL
configure:6541: checking for ar
configure:6557: found /mingw/bin/ar
configure:6568: result: ar
configure:6646: checking for strip
configure:6662: found /mingw/bin/strip
configure:6673: result: strip
configure:6745: checking for ranlib
configure:6761: found /mingw/bin/ranlib
configure:6772: result: ranlib
configure:6874: checking command to parse /mingw/bin/nm output from gcc object
configure:6992: gcc -c -O2  conftest.c >&5
configure:6995: $? = 0
configure:6999: /mingw/bin/nm conftest.o \| sed -n -e 's/^.*[ ]\([ABCDGIRSTW][ABCDGIRSTW]*\)[ ][ ]*\([_A-Za-z][_A-Za-z0-9]*\)\{0,1\}$/\1 \2 \2/p' \> conftest.nm
configure:7002: $? = 0
cannot find nm_test_var in conftest.nm
configure:6992: gcc -c -O2  conftest.c >&5
configure:6995: $? = 0
configure:6999: /mingw/bin/nm conftest.o \| sed -n -e 's/^.*[ ]\([ABCDGIRSTW][ABCDGIRSTW]*\)[ ][ ]*_\([_A-Za-z][_A-Za-z0-9]*\)\{0,1\}$/\1 _\2 \2/p' \> conftest.nm
configure:7002: $? = 0
configure:7056: gcc -o conftest.exe -O2   conftest.c conftstm.o >&5
configure:7059: $? = 0
configure:7097: result: ok
configure:7934: checking for dlfcn.h
configure:7934: gcc -c -O2  conftest.c >&5
conftest.c:55:19: fatal error: dlfcn.h: No such file or directory
compilation terminated.
configure:7934: $? = 1
configure: failed program was:
| /* confdefs.h */
| #define PACKAGE_NAME "PCRE"
| #define PACKAGE_TARNAME "pcre"
| #define PACKAGE_VERSION "8.12"
| #define PACKAGE_STRING "PCRE 8.12"
| #define PACKAGE_BUGREPORT ""
| #define PACKAGE_URL ""
| #define PACKAGE "pcre"
| #define VERSION "8.12"
| #define STDC_HEADERS 1
| #define HAVE_SYS_TYPES_H 1
| #define HAVE_SYS_STAT_H 1
| #define HAVE_STDLIB_H 1
| #define HAVE_STRING_H 1
| #define HAVE_MEMORY_H 1
| #define HAVE_STRINGS_H 1
| #define HAVE_INTTYPES_H 1
| #define HAVE_STDINT_H 1
| #define HAVE_UNISTD_H 1
| /* end confdefs.h.  */
| #include <stdio.h>
| #ifdef HAVE_SYS_TYPES_H
| # include <sys/types.h>
| #endif
| #ifdef HAVE_SYS_STAT_H
| # include <sys/stat.h>
| #endif
| #ifdef STDC_HEADERS
| # include <stdlib.h>
| # include <stddef.h>
| #else
| # ifdef HAVE_STDLIB_H
| #  include <stdlib.h>
| # endif
| #endif
| #ifdef HAVE_STRING_H
| # if !defined STDC_HEADERS && defined HAVE_MEMORY_H
| #  include <memory.h>
| # endif
| # include <string.h>
| #endif
| #ifdef HAVE_STRINGS_H
| # include <strings.h>
| #endif
| #ifdef HAVE_INTTYPES_H
| # include <inttypes.h>
| #endif
| #ifdef HAVE_STDINT_H
| # include <stdint.h>
| #endif
| #ifdef HAVE_UNISTD_H
| # include <unistd.h>
| #endif
| 
| #include <dlfcn.h>
configure:7934: result: no
configure:8119: checking for objdir
configure:8134: result: .libs
configure:8401: checking if gcc supports -fno-rtti -fno-exceptions
configure:8419: gcc -c -O2  -fno-rtti -fno-exceptions conftest.c >&5
cc1.exe: warning: command line option "-fno-rtti" is valid for C++/ObjC++ but not for C
configure:8423: $? = 0
configure:8436: result: no
configure:8456: checking for gcc option to produce PIC
configure:8741: result: -DDLL_EXPORT -DPIC
configure:8753: checking if gcc PIC flag -DDLL_EXPORT -DPIC works
configure:8771: gcc -c -O2  -DDLL_EXPORT -DPIC -DPIC conftest.c >&5
configure:8775: $? = 0
configure:8788: result: yes
configure:8812: checking if gcc static flag -static works
configure:8840: result: yes
configure:8855: checking if gcc supports -c -o file.o
configure:8876: gcc -c -O2  -o out/conftest2.o conftest.c >&5
configure:8880: $? = 0
configure:8902: result: yes
configure:8910: checking if gcc supports -c -o file.o
configure:8957: result: yes
configure:8990: checking whether the gcc linker (c:/mingw/mingw32/bin/ld.exe) supports shared libraries
configure:10065: result: yes
configure:10102: checking whether -lc should be explicitly linked in
configure:10110: gcc -c -O2  conftest.c >&5
configure:10113: $? = 0
configure:10128: gcc -shared conftest.o  -v -o ./conftest -Wl,--enable-auto-image-base -Xlinker --out-implib -Xlinker conftest 2\>\&1 \| /mingw/bin/grep  -lc  \>/dev/null 2\>\&1
configure:10131: $? = 1
configure:10145: result: yes
configure:10310: checking dynamic linker characteristics
configure:11000: result: Win32 ld.exe
configure:11107: checking how to hardcode library paths into programs
configure:11132: result: immediate
configure:11672: checking whether stripping libraries is possible
configure:11677: result: yes
configure:11712: checking if libtool supports shared libraries
configure:11714: result: yes
configure:11717: checking whether to build shared libraries
configure:11738: result: yes
configure:11741: checking whether to build static libraries
configure:11745: result: yes
configure:11768: checking how to run the C++ preprocessor
configure:11795: g++ -E  conftest.cpp
configure:11795: $? = 0
configure:11809: g++ -E  conftest.cpp
conftest.cpp:22:28: fatal error: ac_nonexistent.h: No such file or directory
compilation terminated.
configure:11809: $? = 1
configure: failed program was:
| /* confdefs.h */
| #define PACKAGE_NAME "PCRE"
| #define PACKAGE_TARNAME "pcre"
| #define PACKAGE_VERSION "8.12"
| #define PACKAGE_STRING "PCRE 8.12"
| #define PACKAGE_BUGREPORT ""
| #define PACKAGE_URL ""
| #define PACKAGE "pcre"
| #define VERSION "8.12"
| #define STDC_HEADERS 1
| #define HAVE_SYS_TYPES_H 1
| #define HAVE_SYS_STAT_H 1
| #define HAVE_STDLIB_H 1
| #define HAVE_STRING_H 1
| #define HAVE_MEMORY_H 1
| #define HAVE_STRINGS_H 1
| #define HAVE_INTTYPES_H 1
| #define HAVE_STDINT_H 1
| #define HAVE_UNISTD_H 1
| #define LT_OBJDIR ".libs/"
| /* end confdefs.h.  */
| #include <ac_nonexistent.h>
configure:11834: result: g++ -E
configure:11854: g++ -E  conftest.cpp
configure:11854: $? = 0
configure:11868: g++ -E  conftest.cpp
conftest.cpp:22:28: fatal error: ac_nonexistent.h: No such file or directory
compilation terminated.
configure:11868: $? = 1
configure: failed program was:
| /* confdefs.h */
| #define PACKAGE_NAME "PCRE"
| #define PACKAGE_TARNAME "pcre"
| #define PACKAGE_VERSION "8.12"
| #define PACKAGE_STRING "PCRE 8.12"
| #define PACKAGE_BUGREPORT ""
| #define PACKAGE_URL ""
| #define PACKAGE "pcre"
| #define VERSION "8.12"
| #define STDC_HEADERS 1
| #define HAVE_SYS_TYPES_H 1
| #define HAVE_SYS_STAT_H 1
| #define HAVE_STDLIB_H 1
| #define HAVE_STRING_H 1
| #define HAVE_MEMORY_H 1
| #define HAVE_STRINGS_H 1
| #define HAVE_INTTYPES_H 1
| #define HAVE_STDINT_H 1
| #define HAVE_UNISTD_H 1
| #define LT_OBJDIR ".libs/"
| /* end confdefs.h.  */
| #include <ac_nonexistent.h>
configure:12036: checking for ld used by g++
configure:12103: result: c:/mingw/mingw32/bin/ld.exe
configure:12110: checking if the linker (c:/mingw/mingw32/bin/ld.exe) is GNU ld
configure:12125: result: yes
configure:12180: checking whether the g++ linker (c:/mingw/mingw32/bin/ld.exe) supports shared libraries
configure:13112: result: yes
configure:13140: g++ -c -O2  conftest.cpp >&5
configure:13143: $? = 0
configure:13325: checking for g++ option to produce PIC
configure:13647: result: -DDLL_EXPORT -DPIC
configure:13656: checking if g++ PIC flag -DDLL_EXPORT -DPIC works
configure:13674: g++ -c -O2  -DDLL_EXPORT -DPIC -DPIC conftest.cpp >&5
configure:13678: $? = 0
configure:13691: result: yes
configure:13712: checking if g++ static flag -static works
configure:13740: result: yes
configure:13752: checking if g++ supports -c -o file.o
configure:13773: g++ -c -O2  -o out/conftest2.o conftest.cpp >&5
configure:13777: $? = 0
configure:13799: result: yes
configure:13804: checking if g++ supports -c -o file.o
configure:13851: result: yes
configure:13881: checking whether the g++ linker (c:/mingw/mingw32/bin/ld.exe) supports shared libraries
configure:13909: result: yes
configure:14052: checking dynamic linker characteristics
configure:14676: result: Win32 ld.exe
configure:14729: checking how to hardcode library paths into programs
configure:14754: result: immediate
configure:14812: checking whether ln -s works
configure:14819: result: no, using cp -p
configure:15073: checking for ANSI C header files
configure:15177: result: yes
configure:15188: checking limits.h usability
configure:15188: gcc -c -O2  conftest.c >&5
configure:15188: $? = 0
configure:15188: result: yes
configure:15188: checking limits.h presence
configure:15188: gcc -E  conftest.c
configure:15188: $? = 0
configure:15188: result: yes
configure:15188: checking for limits.h
configure:15188: result: yes
configure:15188: checking for sys/types.h
configure:15188: result: yes
configure:15188: checking for sys/stat.h
configure:15188: result: yes
configure:15188: checking dirent.h usability
configure:15188: gcc -c -O2  conftest.c >&5
configure:15188: $? = 0
configure:15188: result: yes
configure:15188: checking dirent.h presence
configure:15188: gcc -E  conftest.c
configure:15188: $? = 0
configure:15188: result: yes
configure:15188: checking for dirent.h
configure:15188: result: yes
configure:15188: checking windows.h usability
configure:15188: gcc -c -O2  conftest.c >&5
configure:15188: $? = 0
configure:15188: result: yes
configure:15188: checking windows.h presence
configure:15188: gcc -E  conftest.c
configure:15188: $? = 0
configure:15188: result: yes
configure:15188: checking for windows.h
configure:15188: result: yes
configure:15220: checking for alias support in the linker
configure:15239: g++ -o conftest.exe -O2   -Wl,-alias,__ZN7pcrecpp2RE6no_argE,__ZN7pcrecpp6no_argE conftest.cpp  >&5
c:/mingw/bin/../lib/gcc/mingw32/4.5.2/../../../../mingw32/bin/ld.exe: unrecognized -a option `lias'
collect2: ld returned 1 exit status
configure:15239: $? = 1
configure: failed program was:
| /* confdefs.h */
| #define PACKAGE_NAME "PCRE"
| #define PACKAGE_TARNAME "pcre"
| #define PACKAGE_VERSION "8.12"
| #define PACKAGE_STRING "PCRE 8.12"
| #define PACKAGE_BUGREPORT ""
| #define PACKAGE_URL ""
| #define PACKAGE "pcre"
| #define VERSION "8.12"
| #define STDC_HEADERS 1
| #define HAVE_SYS_TYPES_H 1
| #define HAVE_SYS_STAT_H 1
| #define HAVE_STDLIB_H 1
| #define HAVE_STRING_H 1
| #define HAVE_MEMORY_H 1
| #define HAVE_STRINGS_H 1
| #define HAVE_INTTYPES_H 1
| #define HAVE_STDINT_H 1
| #define HAVE_UNISTD_H 1
| #define LT_OBJDIR ".libs/"
| #define STDC_HEADERS 1
| #define HAVE_LIMITS_H 1
| #define HAVE_SYS_TYPES_H 1
| #define HAVE_SYS_STAT_H 1
| #define HAVE_DIRENT_H 1
| #define HAVE_WINDOWS_H 1
| /* end confdefs.h.  */
| namespace pcrecpp {
|                                     class RE { static int no_arg; };
|                                     int RE::no_arg;
|                                   }
| int
| main ()
| {
| 
|   ;
|   return 0;
| }
configure:15245: result: no
configure:15220: checking for alias support in the linker
configure:15239: g++ -o conftest.exe -O2   -Wl,-i__ZN7pcrecpp6no_argE:__ZN7pcrecpp2RE6no_argE conftest.cpp  >&5
c:/mingw/bin/../lib/gcc/mingw32/4.5.2/../../../../mingw32/bin/ld.exe: bad -rpath option
collect2: ld returned 1 exit status
configure:15239: $? = 1
configure: failed program was:
| /* confdefs.h */
| #define PACKAGE_NAME "PCRE"
| #define PACKAGE_TARNAME "pcre"
| #define PACKAGE_VERSION "8.12"
| #define PACKAGE_STRING "PCRE 8.12"
| #define PACKAGE_BUGREPORT ""
| #define PACKAGE_URL ""
| #define PACKAGE "pcre"
| #define VERSION "8.12"
| #define STDC_HEADERS 1
| #define HAVE_SYS_TYPES_H 1
| #define HAVE_SYS_STAT_H 1
| #define HAVE_STDLIB_H 1
| #define HAVE_STRING_H 1
| #define HAVE_MEMORY_H 1
| #define HAVE_STRINGS_H 1
| #define HAVE_INTTYPES_H 1
| #define HAVE_STDINT_H 1
| #define HAVE_UNISTD_H 1
| #define LT_OBJDIR ".libs/"
| #define STDC_HEADERS 1
| #define HAVE_LIMITS_H 1
| #define HAVE_SYS_TYPES_H 1
| #define HAVE_SYS_STAT_H 1
| #define HAVE_DIRENT_H 1
| #define HAVE_WINDOWS_H 1
| /* end confdefs.h.  */
| namespace pcrecpp {
|                                     class RE { static int no_arg; };
|                                     int RE::no_arg;
|                                   }
| int
| main ()
| {
| 
|   ;
|   return 0;
| }
configure:15245: result: no
configure:15259: checking string usability
configure:15259: g++ -c -O2  conftest.cpp >&5
configure:15259: $? = 0
configure:15259: result: yes
configure:15259: checking string presence
configure:15259: g++ -E  conftest.cpp
configure:15259: $? = 0
configure:15259: result: yes
configure:15259: checking for string
configure:15259: result: yes
configure:15273: checking bits/type_traits.h usability
configure:15273: g++ -c -O2  conftest.cpp >&5
conftest.cpp:62:30: fatal error: bits/type_traits.h: No such file or directory
compilation terminated.
configure:15273: $? = 1
configure: failed program was:
| /* confdefs.h */
| #define PACKAGE_NAME "PCRE"
| #define PACKAGE_TARNAME "pcre"
| #define PACKAGE_VERSION "8.12"
| #define PACKAGE_STRING "PCRE 8.12"
| #define PACKAGE_BUGREPORT ""
| #define PACKAGE_URL ""
| #define PACKAGE "pcre"
| #define VERSION "8.12"
| #define STDC_HEADERS 1
| #define HAVE_SYS_TYPES_H 1
| #define HAVE_SYS_STAT_H 1
| #define HAVE_STDLIB_H 1
| #define HAVE_STRING_H 1
| #define HAVE_MEMORY_H 1
| #define HAVE_STRINGS_H 1
| #define HAVE_INTTYPES_H 1
| #define HAVE_STDINT_H 1
| #define HAVE_UNISTD_H 1
| #define LT_OBJDIR ".libs/"
| #define STDC_HEADERS 1
| #define HAVE_LIMITS_H 1
| #define HAVE_SYS_TYPES_H 1
| #define HAVE_SYS_STAT_H 1
| #define HAVE_DIRENT_H 1
| #define HAVE_WINDOWS_H 1
| #define HAVE_STRING 1
| /* end confdefs.h.  */
| #include <stdio.h>
| #ifdef HAVE_SYS_TYPES_H
| # include <sys/types.h>
| #endif
| #ifdef HAVE_SYS_STAT_H
| # include <sys/stat.h>
| #endif
| #ifdef STDC_HEADERS
| # include <stdlib.h>
| # include <stddef.h>
| #else
| # ifdef HAVE_STDLIB_H
| #  include <stdlib.h>
| # endif
| #endif
| #ifdef HAVE_STRING_H
| # if !defined STDC_HEADERS && defined HAVE_MEMORY_H
| #  include <memory.h>
| # endif
| # include <string.h>
| #endif
| #ifdef HAVE_STRINGS_H
| # include <strings.h>
| #endif
| #ifdef HAVE_INTTYPES_H
| # include <inttypes.h>
| #endif
| #ifdef HAVE_STDINT_H
| # include <stdint.h>
| #endif
| #ifdef HAVE_UNISTD_H
| # include <unistd.h>
| #endif
| #include <bits/type_traits.h>
configure:15273: result: no
configure:15273: checking bits/type_traits.h presence
configure:15273: g++ -E  conftest.cpp
conftest.cpp:29:30: fatal error: bits/type_traits.h: No such file or directory
compilation terminated.
configure:15273: $? = 1
configure: failed program was:
| /* confdefs.h */
| #define PACKAGE_NAME "PCRE"
| #define PACKAGE_TARNAME "pcre"
| #define PACKAGE_VERSION "8.12"
| #define PACKAGE_STRING "PCRE 8.12"
| #define PACKAGE_BUGREPORT ""
| #define PACKAGE_URL ""
| #define PACKAGE "pcre"
| #define VERSION "8.12"
| #define STDC_HEADERS 1
| #define HAVE_SYS_TYPES_H 1
| #define HAVE_SYS_STAT_H 1
| #define HAVE_STDLIB_H 1
| #define HAVE_STRING_H 1
| #define HAVE_MEMORY_H 1
| #define HAVE_STRINGS_H 1
| #define HAVE_INTTYPES_H 1
| #define HAVE_STDINT_H 1
| #define HAVE_UNISTD_H 1
| #define LT_OBJDIR ".libs/"
| #define STDC_HEADERS 1
| #define HAVE_LIMITS_H 1
| #define HAVE_SYS_TYPES_H 1
| #define HAVE_SYS_STAT_H 1
| #define HAVE_DIRENT_H 1
| #define HAVE_WINDOWS_H 1
| #define HAVE_STRING 1
| /* end confdefs.h.  */
| #include <bits/type_traits.h>
configure:15273: result: no
configure:15273: checking for bits/type_traits.h
configure:15273: result: no
configure:15287: checking type_traits.h usability
configure:15287: g++ -c -O2  conftest.cpp >&5
conftest.cpp:62:25: fatal error: type_traits.h: No such file or directory
compilation terminated.
configure:15287: $? = 1
configure: failed program was:
| /* confdefs.h */
| #define PACKAGE_NAME "PCRE"
| #define PACKAGE_TARNAME "pcre"
| #define PACKAGE_VERSION "8.12"
| #define PACKAGE_STRING "PCRE 8.12"
| #define PACKAGE_BUGREPORT ""
| #define PACKAGE_URL ""
| #define PACKAGE "pcre"
| #define VERSION "8.12"
| #define STDC_HEADERS 1
| #define HAVE_SYS_TYPES_H 1
| #define HAVE_SYS_STAT_H 1
| #define HAVE_STDLIB_H 1
| #define HAVE_STRING_H 1
| #define HAVE_MEMORY_H 1
| #define HAVE_STRINGS_H 1
| #define HAVE_INTTYPES_H 1
| #define HAVE_STDINT_H 1
| #define HAVE_UNISTD_H 1
| #define LT_OBJDIR ".libs/"
| #define STDC_HEADERS 1
| #define HAVE_LIMITS_H 1
| #define HAVE_SYS_TYPES_H 1
| #define HAVE_SYS_STAT_H 1
| #define HAVE_DIRENT_H 1
| #define HAVE_WINDOWS_H 1
| #define HAVE_STRING 1
| /* end confdefs.h.  */
| #include <stdio.h>
| #ifdef HAVE_SYS_TYPES_H
| # include <sys/types.h>
| #endif
| #ifdef HAVE_SYS_STAT_H
| # include <sys/stat.h>
| #endif
| #ifdef STDC_HEADERS
| # include <stdlib.h>
| # include <stddef.h>
| #else
| # ifdef HAVE_STDLIB_H
| #  include <stdlib.h>
| # endif
| #endif
| #ifdef HAVE_STRING_H
| # if !defined STDC_HEADERS && defined HAVE_MEMORY_H
| #  include <memory.h>
| # endif
| # include <string.h>
| #endif
| #ifdef HAVE_STRINGS_H
| # include <strings.h>
| #endif
| #ifdef HAVE_INTTYPES_H
| # include <inttypes.h>
| #endif
| #ifdef HAVE_STDINT_H
| # include <stdint.h>
| #endif
| #ifdef HAVE_UNISTD_H
| # include <unistd.h>
| #endif
| #include <type_traits.h>
configure:15287: result: no
configure:15287: checking type_traits.h presence
configure:15287: g++ -E  conftest.cpp
conftest.cpp:29:25: fatal error: type_traits.h: No such file or directory
compilation terminated.
configure:15287: $? = 1
configure: failed program was:
| /* confdefs.h */
| #define PACKAGE_NAME "PCRE"
| #define PACKAGE_TARNAME "pcre"
| #define PACKAGE_VERSION "8.12"
| #define PACKAGE_STRING "PCRE 8.12"
| #define PACKAGE_BUGREPORT ""
| #define PACKAGE_URL ""
| #define PACKAGE "pcre"
| #define VERSION "8.12"
| #define STDC_HEADERS 1
| #define HAVE_SYS_TYPES_H 1
| #define HAVE_SYS_STAT_H 1
| #define HAVE_STDLIB_H 1
| #define HAVE_STRING_H 1
| #define HAVE_MEMORY_H 1
| #define HAVE_STRINGS_H 1
| #define HAVE_INTTYPES_H 1
| #define HAVE_STDINT_H 1
| #define HAVE_UNISTD_H 1
| #define LT_OBJDIR ".libs/"
| #define STDC_HEADERS 1
| #define HAVE_LIMITS_H 1
| #define HAVE_SYS_TYPES_H 1
| #define HAVE_SYS_STAT_H 1
| #define HAVE_DIRENT_H 1
| #define HAVE_WINDOWS_H 1
| #define HAVE_STRING 1
| /* end confdefs.h.  */
| #include <type_traits.h>
configure:15287: result: no
configure:15287: checking for type_traits.h
configure:15287: result: no
configure:15313: checking for strtoq
configure:15331: g++ -c -O2  conftest.cpp >&5
conftest.cpp: In function 'int main()':
conftest.cpp:33:37: error: 'strtoq' was not declared in this scope
configure:15331: $? = 1
configure: failed program was:
| /* confdefs.h */
| #define PACKAGE_NAME "PCRE"
| #define PACKAGE_TARNAME "pcre"
| #define PACKAGE_VERSION "8.12"
| #define PACKAGE_STRING "PCRE 8.12"
| #define PACKAGE_BUGREPORT ""
| #define PACKAGE_URL ""
| #define PACKAGE "pcre"
| #define VERSION "8.12"
| #define STDC_HEADERS 1
| #define HAVE_SYS_TYPES_H 1
| #define HAVE_SYS_STAT_H 1
| #define HAVE_STDLIB_H 1
| #define HAVE_STRING_H 1
| #define HAVE_MEMORY_H 1
| #define HAVE_STRINGS_H 1
| #define HAVE_INTTYPES_H 1
| #define HAVE_STDINT_H 1
| #define HAVE_UNISTD_H 1
| #define LT_OBJDIR ".libs/"
| #define STDC_HEADERS 1
| #define HAVE_LIMITS_H 1
| #define HAVE_SYS_TYPES_H 1
| #define HAVE_SYS_STAT_H 1
| #define HAVE_DIRENT_H 1
| #define HAVE_WINDOWS_H 1
| #define HAVE_STRING 1
| /* end confdefs.h.  */
| #include <stdlib.h>
| int
| main ()
| {
| char* e; return strtoq("100", &e, 10)
|   ;
|   return 0;
| }
configure:15342: result: no
configure:15313: checking for strtoll
configure:15331: g++ -c -O2  conftest.cpp >&5
configure:15331: $? = 0
configure:15332: result: yes
configure:15349: checking for long long
configure:15349: g++ -c -O2  conftest.cpp >&5
configure:15349: $? = 0
configure:15349: g++ -c -O2  conftest.cpp >&5
conftest.cpp: In function 'int main()':
conftest.cpp:66:14: error: expected primary-expression before 'long'
conftest.cpp:66:14: error: expected ')' before 'long'
conftest.cpp:67:14: error: expected ')' before ';' token
conftest.cpp:67:14: error: expected ')' before ';' token
configure:15349: $? = 1
configure: failed program was:
| /* confdefs.h */
| #define PACKAGE_NAME "PCRE"
| #define PACKAGE_TARNAME "pcre"
| #define PACKAGE_VERSION "8.12"
| #define PACKAGE_STRING "PCRE 8.12"
| #define PACKAGE_BUGREPORT ""
| #define PACKAGE_URL ""
| #define PACKAGE "pcre"
| #define VERSION "8.12"
| #define STDC_HEADERS 1
| #define HAVE_SYS_TYPES_H 1
| #define HAVE_SYS_STAT_H 1
| #define HAVE_STDLIB_H 1
| #define HAVE_STRING_H 1
| #define HAVE_MEMORY_H 1
| #define HAVE_STRINGS_H 1
| #define HAVE_INTTYPES_H 1
| #define HAVE_STDINT_H 1
| #define HAVE_UNISTD_H 1
| #define LT_OBJDIR ".libs/"
| #define STDC_HEADERS 1
| #define HAVE_LIMITS_H 1
| #define HAVE_SYS_TYPES_H 1
| #define HAVE_SYS_STAT_H 1
| #define HAVE_DIRENT_H 1
| #define HAVE_WINDOWS_H 1
| #define HAVE_STRING 1
| #define HAVE_STRTOLL 1
| /* end confdefs.h.  */
| #include <stdio.h>
| #ifdef HAVE_SYS_TYPES_H
| # include <sys/types.h>
| #endif
| #ifdef HAVE_SYS_STAT_H
| # include <sys/stat.h>
| #endif
| #ifdef STDC_HEADERS
| # include <stdlib.h>
| # include <stddef.h>
| #else
| # ifdef HAVE_STDLIB_H
| #  include <stdlib.h>
| # endif
| #endif
| #ifdef HAVE_STRING_H
| # if !defined STDC_HEADERS && defined HAVE_MEMORY_H
| #  include <memory.h>
| # endif
| # include <string.h>
| #endif
| #ifdef HAVE_STRINGS_H
| # include <strings.h>
| #endif
| #ifdef HAVE_INTTYPES_H
| # include <inttypes.h>
| #endif
| #ifdef HAVE_STDINT_H
| # include <stdint.h>
| #endif
| #ifdef HAVE_UNISTD_H
| # include <unistd.h>
| #endif
| int
| main ()
| {
| if (sizeof ((long long)))
| 	    return 0;
|   ;
|   return 0;
| }
configure:15349: result: yes
configure:15361: checking for unsigned long long
configure:15361: g++ -c -O2  conftest.cpp >&5
configure:15361: $? = 0
configure:15361: g++ -c -O2  conftest.cpp >&5
conftest.cpp: In function 'int main()':
conftest.cpp:67:14: error: expected primary-expression before 'unsigned'
conftest.cpp:67:14: error: expected ')' before 'unsigned'
conftest.cpp:68:14: error: expected ')' before ';' token
conftest.cpp:68:14: error: expected ')' before ';' token
configure:15361: $? = 1
configure: failed program was:
| /* confdefs.h */
| #define PACKAGE_NAME "PCRE"
| #define PACKAGE_TARNAME "pcre"
| #define PACKAGE_VERSION "8.12"
| #define PACKAGE_STRING "PCRE 8.12"
| #define PACKAGE_BUGREPORT ""
| #define PACKAGE_URL ""
| #define PACKAGE "pcre"
| #define VERSION "8.12"
| #define STDC_HEADERS 1
| #define HAVE_SYS_TYPES_H 1
| #define HAVE_SYS_STAT_H 1
| #define HAVE_STDLIB_H 1
| #define HAVE_STRING_H 1
| #define HAVE_MEMORY_H 1
| #define HAVE_STRINGS_H 1
| #define HAVE_INTTYPES_H 1
| #define HAVE_STDINT_H 1
| #define HAVE_UNISTD_H 1
| #define LT_OBJDIR ".libs/"
| #define STDC_HEADERS 1
| #define HAVE_LIMITS_H 1
| #define HAVE_SYS_TYPES_H 1
| #define HAVE_SYS_STAT_H 1
| #define HAVE_DIRENT_H 1
| #define HAVE_WINDOWS_H 1
| #define HAVE_STRING 1
| #define HAVE_STRTOLL 1
| #define HAVE_LONG_LONG 1
| /* end confdefs.h.  */
| #include <stdio.h>
| #ifdef HAVE_SYS_TYPES_H
| # include <sys/types.h>
| #endif
| #ifdef HAVE_SYS_STAT_H
| # include <sys/stat.h>
| #endif
| #ifdef STDC_HEADERS
| # include <stdlib.h>
| # include <stddef.h>
| #else
| # ifdef HAVE_STDLIB_H
| #  include <stdlib.h>
| # endif
| #endif
| #ifdef HAVE_STRING_H
| # if !defined STDC_HEADERS && defined HAVE_MEMORY_H
| #  include <memory.h>
| # endif
| # include <string.h>
| #endif
| #ifdef HAVE_STRINGS_H
| # include <strings.h>
| #endif
| #ifdef HAVE_INTTYPES_H
| # include <inttypes.h>
| #endif
| #ifdef HAVE_STDINT_H
| # include <stdint.h>
| #endif
| #ifdef HAVE_UNISTD_H
| # include <unistd.h>
| #endif
| int
| main ()
| {
| if (sizeof ((unsigned long long)))
| 	    return 0;
|   ;
|   return 0;
| }
configure:15361: result: yes
configure:15411: checking for an ANSI C-conforming const
configure:15476: gcc -c -O2  conftest.c >&5
configure:15476: $? = 0
configure:15483: result: yes
configure:15491: checking for size_t
configure:15491: gcc -c -O2  conftest.c >&5
configure:15491: $? = 0
configure:15491: gcc -c -O2  conftest.c >&5
conftest.c: In function 'main':
conftest.c:68:21: error: expected expression before ')' token
configure:15491: $? = 1
configure: failed program was:
| /* confdefs.h */
| #define PACKAGE_NAME "PCRE"
| #define PACKAGE_TARNAME "pcre"
| #define PACKAGE_VERSION "8.12"
| #define PACKAGE_STRING "PCRE 8.12"
| #define PACKAGE_BUGREPORT ""
| #define PACKAGE_URL ""
| #define PACKAGE "pcre"
| #define VERSION "8.12"
| #define STDC_HEADERS 1
| #define HAVE_SYS_TYPES_H 1
| #define HAVE_SYS_STAT_H 1
| #define HAVE_STDLIB_H 1
| #define HAVE_STRING_H 1
| #define HAVE_MEMORY_H 1
| #define HAVE_STRINGS_H 1
| #define HAVE_INTTYPES_H 1
| #define HAVE_STDINT_H 1
| #define HAVE_UNISTD_H 1
| #define LT_OBJDIR ".libs/"
| #define STDC_HEADERS 1
| #define HAVE_LIMITS_H 1
| #define HAVE_SYS_TYPES_H 1
| #define HAVE_SYS_STAT_H 1
| #define HAVE_DIRENT_H 1
| #define HAVE_WINDOWS_H 1
| #define HAVE_STRING 1
| #define HAVE_STRTOLL 1
| #define HAVE_LONG_LONG 1
| #define HAVE_UNSIGNED_LONG_LONG 1
| /* end confdefs.h.  */
| #include <stdio.h>
| #ifdef HAVE_SYS_TYPES_H
| # include <sys/types.h>
| #endif
| #ifdef HAVE_SYS_STAT_H
| # include <sys/stat.h>
| #endif
| #ifdef STDC_HEADERS
| # include <stdlib.h>
| # include <stddef.h>
| #else
| # ifdef HAVE_STDLIB_H
| #  include <stdlib.h>
| # endif
| #endif
| #ifdef HAVE_STRING_H
| # if !defined STDC_HEADERS && defined HAVE_MEMORY_H
| #  include <memory.h>
| # endif
| # include <string.h>
| #endif
| #ifdef HAVE_STRINGS_H
| # include <strings.h>
| #endif
| #ifdef HAVE_INTTYPES_H
| # include <inttypes.h>
| #endif
| #ifdef HAVE_STDINT_H
| # include <stdint.h>
| #endif
| #ifdef HAVE_UNISTD_H
| # include <unistd.h>
| #endif
| int
| main ()
| {
| if (sizeof ((size_t)))
| 	    return 0;
|   ;
|   return 0;
| }
configure:15491: result: yes
configure:15508: checking for bcopy
configure:15508: gcc -o conftest.exe -O2   conftest.c  >&5
conftest.c:55:6: warning: conflicting types for built-in function 'bcopy'
C:\DOCUME~1\WANGGO~1\LOCALS~1\Temp\ccW5kXQc.o:conftest.c:(.text+0xc): undefined reference to `bcopy'
collect2: ld returned 1 exit status
configure:15508: $? = 1
configure: failed program was:
| /* confdefs.h */
| #define PACKAGE_NAME "PCRE"
| #define PACKAGE_TARNAME "pcre"
| #define PACKAGE_VERSION "8.12"
| #define PACKAGE_STRING "PCRE 8.12"
| #define PACKAGE_BUGREPORT ""
| #define PACKAGE_URL ""
| #define PACKAGE "pcre"
| #define VERSION "8.12"
| #define STDC_HEADERS 1
| #define HAVE_SYS_TYPES_H 1
| #define HAVE_SYS_STAT_H 1
| #define HAVE_STDLIB_H 1
| #define HAVE_STRING_H 1
| #define HAVE_MEMORY_H 1
| #define HAVE_STRINGS_H 1
| #define HAVE_INTTYPES_H 1
| #define HAVE_STDINT_H 1
| #define HAVE_UNISTD_H 1
| #define LT_OBJDIR ".libs/"
| #define STDC_HEADERS 1
| #define HAVE_LIMITS_H 1
| #define HAVE_SYS_TYPES_H 1
| #define HAVE_SYS_STAT_H 1
| #define HAVE_DIRENT_H 1
| #define HAVE_WINDOWS_H 1
| #define HAVE_STRING 1
| #define HAVE_STRTOLL 1
| #define HAVE_LONG_LONG 1
| #define HAVE_UNSIGNED_LONG_LONG 1
| /* end confdefs.h.  */
| /* Define bcopy to an innocuous variant, in case <limits.h> declares bcopy.
|    For example, HP-UX 11i <limits.h> declares gettimeofday.  */
| #define bcopy innocuous_bcopy
| 
| /* System header to define __stub macros and hopefully few prototypes,
|     which can conflict with char bcopy (); below.
|     Prefer <limits.h> to <assert.h> if __STDC__ is defined, since
|     <limits.h> exists even on freestanding compilers.  */
| 
| #ifdef __STDC__
| # include <limits.h>
| #else
| # include <assert.h>
| #endif
| 
| #undef bcopy
| 
| /* Override any GCC internal prototype to avoid an error.
|    Use char because int might match the return type of a GCC
|    builtin and then its argument prototype would still apply.  */
| #ifdef __cplusplus
| extern "C"
| #endif
| char bcopy ();
| /* The GNU C library defines this for functions which it implements
|     to always fail with ENOSYS.  Some functions are actually named
|     something starting with __ and the normal name is an alias.  */
| #if defined __stub_bcopy || defined __stub___bcopy
| choke me
| #endif
| 
| int
| main ()
| {
| return bcopy ();
|   ;
|   return 0;
| }
configure:15508: result: no
configure:15508: checking for memmove
configure:15508: gcc -o conftest.exe -O2   conftest.c  >&5
conftest.c:55:6: warning: conflicting types for built-in function 'memmove'
configure:15508: $? = 0
configure:15508: result: yes
configure:15508: checking for strerror
configure:15508: gcc -o conftest.exe -O2   conftest.c  >&5
configure:15508: $? = 0
configure:15508: result: yes
configure:15523: checking zlib.h usability
configure:15523: gcc -c -O2  conftest.c >&5
conftest.c:67:18: fatal error: zlib.h: No such file or directory
compilation terminated.
configure:15523: $? = 1
configure: failed program was:
| /* confdefs.h */
| #define PACKAGE_NAME "PCRE"
| #define PACKAGE_TARNAME "pcre"
| #define PACKAGE_VERSION "8.12"
| #define PACKAGE_STRING "PCRE 8.12"
| #define PACKAGE_BUGREPORT ""
| #define PACKAGE_URL ""
| #define PACKAGE "pcre"
| #define VERSION "8.12"
| #define STDC_HEADERS 1
| #define HAVE_SYS_TYPES_H 1
| #define HAVE_SYS_STAT_H 1
| #define HAVE_STDLIB_H 1
| #define HAVE_STRING_H 1
| #define HAVE_MEMORY_H 1
| #define HAVE_STRINGS_H 1
| #define HAVE_INTTYPES_H 1
| #define HAVE_STDINT_H 1
| #define HAVE_UNISTD_H 1
| #define LT_OBJDIR ".libs/"
| #define STDC_HEADERS 1
| #define HAVE_LIMITS_H 1
| #define HAVE_SYS_TYPES_H 1
| #define HAVE_SYS_STAT_H 1
| #define HAVE_DIRENT_H 1
| #define HAVE_WINDOWS_H 1
| #define HAVE_STRING 1
| #define HAVE_STRTOLL 1
| #define HAVE_LONG_LONG 1
| #define HAVE_UNSIGNED_LONG_LONG 1
| #define HAVE_MEMMOVE 1
| #define HAVE_STRERROR 1
| /* end confdefs.h.  */
| #include <stdio.h>
| #ifdef HAVE_SYS_TYPES_H
| # include <sys/types.h>
| #endif
| #ifdef HAVE_SYS_STAT_H
| # include <sys/stat.h>
| #endif
| #ifdef STDC_HEADERS
| # include <stdlib.h>
| # include <stddef.h>
| #else
| # ifdef HAVE_STDLIB_H
| #  include <stdlib.h>
| # endif
| #endif
| #ifdef HAVE_STRING_H
| # if !defined STDC_HEADERS && defined HAVE_MEMORY_H
| #  include <memory.h>
| # endif
| # include <string.h>
| #endif
| #ifdef HAVE_STRINGS_H
| # include <strings.h>
| #endif
| #ifdef HAVE_INTTYPES_H
| # include <inttypes.h>
| #endif
| #ifdef HAVE_STDINT_H
| # include <stdint.h>
| #endif
| #ifdef HAVE_UNISTD_H
| # include <unistd.h>
| #endif
| #include <zlib.h>
configure:15523: result: no
configure:15523: checking zlib.h presence
configure:15523: gcc -E  conftest.c
conftest.c:34:18: fatal error: zlib.h: No such file or directory
compilation terminated.
configure:15523: $? = 1
configure: failed program was:
| /* confdefs.h */
| #define PACKAGE_NAME "PCRE"
| #define PACKAGE_TARNAME "pcre"
| #define PACKAGE_VERSION "8.12"
| #define PACKAGE_STRING "PCRE 8.12"
| #define PACKAGE_BUGREPORT ""
| #define PACKAGE_URL ""
| #define PACKAGE "pcre"
| #define VERSION "8.12"
| #define STDC_HEADERS 1
| #define HAVE_SYS_TYPES_H 1
| #define HAVE_SYS_STAT_H 1
| #define HAVE_STDLIB_H 1
| #define HAVE_STRING_H 1
| #define HAVE_MEMORY_H 1
| #define HAVE_STRINGS_H 1
| #define HAVE_INTTYPES_H 1
| #define HAVE_STDINT_H 1
| #define HAVE_UNISTD_H 1
| #define LT_OBJDIR ".libs/"
| #define STDC_HEADERS 1
| #define HAVE_LIMITS_H 1
| #define HAVE_SYS_TYPES_H 1
| #define HAVE_SYS_STAT_H 1
| #define HAVE_DIRENT_H 1
| #define HAVE_WINDOWS_H 1
| #define HAVE_STRING 1
| #define HAVE_STRTOLL 1
| #define HAVE_LONG_LONG 1
| #define HAVE_UNSIGNED_LONG_LONG 1
| #define HAVE_MEMMOVE 1
| #define HAVE_STRERROR 1
| /* end confdefs.h.  */
| #include <zlib.h>
configure:15523: result: no
configure:15523: checking for zlib.h
configure:15523: result: no
configure:15533: checking for gzopen in -lz
configure:15558: gcc -o conftest.exe -O2   conftest.c -lz   >&5
c:/mingw/bin/../lib/gcc/mingw32/4.5.2/../../../../mingw32/bin/ld.exe: cannot find -lz
collect2: ld returned 1 exit status
configure:15558: $? = 1
configure: failed program was:
| /* confdefs.h */
| #define PACKAGE_NAME "PCRE"
| #define PACKAGE_TARNAME "pcre"
| #define PACKAGE_VERSION "8.12"
| #define PACKAGE_STRING "PCRE 8.12"
| #define PACKAGE_BUGREPORT ""
| #define PACKAGE_URL ""
| #define PACKAGE "pcre"
| #define VERSION "8.12"
| #define STDC_HEADERS 1
| #define HAVE_SYS_TYPES_H 1
| #define HAVE_SYS_STAT_H 1
| #define HAVE_STDLIB_H 1
| #define HAVE_STRING_H 1
| #define HAVE_MEMORY_H 1
| #define HAVE_STRINGS_H 1
| #define HAVE_INTTYPES_H 1
| #define HAVE_STDINT_H 1
| #define HAVE_UNISTD_H 1
| #define LT_OBJDIR ".libs/"
| #define STDC_HEADERS 1
| #define HAVE_LIMITS_H 1
| #define HAVE_SYS_TYPES_H 1
| #define HAVE_SYS_STAT_H 1
| #define HAVE_DIRENT_H 1
| #define HAVE_WINDOWS_H 1
| #define HAVE_STRING 1
| #define HAVE_STRTOLL 1
| #define HAVE_LONG_LONG 1
| #define HAVE_UNSIGNED_LONG_LONG 1
| #define HAVE_MEMMOVE 1
| #define HAVE_STRERROR 1
| /* end confdefs.h.  */
| 
| /* Override any GCC internal prototype to avoid an error.
|    Use char because int might match the return type of a GCC
|    builtin and then its argument prototype would still apply.  */
| #ifdef __cplusplus
| extern "C"
| #endif
| char gzopen ();
| int
| main ()
| {
| return gzopen ();
|   ;
|   return 0;
| }
configure:15567: result: no
configure:15592: checking bzlib.h usability
configure:15592: gcc -c -O2  conftest.c >&5
conftest.c:67:19: fatal error: bzlib.h: No such file or directory
compilation terminated.
configure:15592: $? = 1
configure: failed program was:
| /* confdefs.h */
| #define PACKAGE_NAME "PCRE"
| #define PACKAGE_TARNAME "pcre"
| #define PACKAGE_VERSION "8.12"
| #define PACKAGE_STRING "PCRE 8.12"
| #define PACKAGE_BUGREPORT ""
| #define PACKAGE_URL ""
| #define PACKAGE "pcre"
| #define VERSION "8.12"
| #define STDC_HEADERS 1
| #define HAVE_SYS_TYPES_H 1
| #define HAVE_SYS_STAT_H 1
| #define HAVE_STDLIB_H 1
| #define HAVE_STRING_H 1
| #define HAVE_MEMORY_H 1
| #define HAVE_STRINGS_H 1
| #define HAVE_INTTYPES_H 1
| #define HAVE_STDINT_H 1
| #define HAVE_UNISTD_H 1
| #define LT_OBJDIR ".libs/"
| #define STDC_HEADERS 1
| #define HAVE_LIMITS_H 1
| #define HAVE_SYS_TYPES_H 1
| #define HAVE_SYS_STAT_H 1
| #define HAVE_DIRENT_H 1
| #define HAVE_WINDOWS_H 1
| #define HAVE_STRING 1
| #define HAVE_STRTOLL 1
| #define HAVE_LONG_LONG 1
| #define HAVE_UNSIGNED_LONG_LONG 1
| #define HAVE_MEMMOVE 1
| #define HAVE_STRERROR 1
| /* end confdefs.h.  */
| #include <stdio.h>
| #ifdef HAVE_SYS_TYPES_H
| # include <sys/types.h>
| #endif
| #ifdef HAVE_SYS_STAT_H
| # include <sys/stat.h>
| #endif
| #ifdef STDC_HEADERS
| # include <stdlib.h>
| # include <stddef.h>
| #else
| # ifdef HAVE_STDLIB_H
| #  include <stdlib.h>
| # endif
| #endif
| #ifdef HAVE_STRING_H
| # if !defined STDC_HEADERS && defined HAVE_MEMORY_H
| #  include <memory.h>
| # endif
| # include <string.h>
| #endif
| #ifdef HAVE_STRINGS_H
| # include <strings.h>
| #endif
| #ifdef HAVE_INTTYPES_H
| # include <inttypes.h>
| #endif
| #ifdef HAVE_STDINT_H
| # include <stdint.h>
| #endif
| #ifdef HAVE_UNISTD_H
| # include <unistd.h>
| #endif
| #include <bzlib.h>
configure:15592: result: no
configure:15592: checking bzlib.h presence
configure:15592: gcc -E  conftest.c
conftest.c:34:19: fatal error: bzlib.h: No such file or directory
compilation terminated.
configure:15592: $? = 1
configure: failed program was:
| /* confdefs.h */
| #define PACKAGE_NAME "PCRE"
| #define PACKAGE_TARNAME "pcre"
| #define PACKAGE_VERSION "8.12"
| #define PACKAGE_STRING "PCRE 8.12"
| #define PACKAGE_BUGREPORT ""
| #define PACKAGE_URL ""
| #define PACKAGE "pcre"
| #define VERSION "8.12"
| #define STDC_HEADERS 1
| #define HAVE_SYS_TYPES_H 1
| #define HAVE_SYS_STAT_H 1
| #define HAVE_STDLIB_H 1
| #define HAVE_STRING_H 1
| #define HAVE_MEMORY_H 1
| #define HAVE_STRINGS_H 1
| #define HAVE_INTTYPES_H 1
| #define HAVE_STDINT_H 1
| #define HAVE_UNISTD_H 1
| #define LT_OBJDIR ".libs/"
| #define STDC_HEADERS 1
| #define HAVE_LIMITS_H 1
| #define HAVE_SYS_TYPES_H 1
| #define HAVE_SYS_STAT_H 1
| #define HAVE_DIRENT_H 1
| #define HAVE_WINDOWS_H 1
| #define HAVE_STRING 1
| #define HAVE_STRTOLL 1
| #define HAVE_LONG_LONG 1
| #define HAVE_UNSIGNED_LONG_LONG 1
| #define HAVE_MEMMOVE 1
| #define HAVE_STRERROR 1
| /* end confdefs.h.  */
| #include <bzlib.h>
configure:15592: result: no
configure:15592: checking for bzlib.h
configure:15592: result: no
configure:15607: checking for libbz2
configure:15625: gcc -o conftest.exe -O2   conftest.c  -lbz2 >&5
c:/mingw/bin/../lib/gcc/mingw32/4.5.2/../../../../mingw32/bin/ld.exe: cannot find -lbz2
collect2: ld returned 1 exit status
configure:15625: $? = 1
configure: failed program was:
| /* confdefs.h */
| #define PACKAGE_NAME "PCRE"
| #define PACKAGE_TARNAME "pcre"
| #define PACKAGE_VERSION "8.12"
| #define PACKAGE_STRING "PCRE 8.12"
| #define PACKAGE_BUGREPORT ""
| #define PACKAGE_URL ""
| #define PACKAGE "pcre"
| #define VERSION "8.12"
| #define STDC_HEADERS 1
| #define HAVE_SYS_TYPES_H 1
| #define HAVE_SYS_STAT_H 1
| #define HAVE_STDLIB_H 1
| #define HAVE_STRING_H 1
| #define HAVE_MEMORY_H 1
| #define HAVE_STRINGS_H 1
| #define HAVE_INTTYPES_H 1
| #define HAVE_STDINT_H 1
| #define HAVE_UNISTD_H 1
| #define LT_OBJDIR ".libs/"
| #define STDC_HEADERS 1
| #define HAVE_LIMITS_H 1
| #define HAVE_SYS_TYPES_H 1
| #define HAVE_SYS_STAT_H 1
| #define HAVE_DIRENT_H 1
| #define HAVE_WINDOWS_H 1
| #define HAVE_STRING 1
| #define HAVE_STRTOLL 1
| #define HAVE_LONG_LONG 1
| #define HAVE_UNSIGNED_LONG_LONG 1
| #define HAVE_MEMMOVE 1
| #define HAVE_STRERROR 1
| /* end confdefs.h.  */
| 
| #ifdef HAVE_BZLIB_H
| #include <bzlib.h>
| #endif
| int
| main ()
| {
| return (int)BZ2_bzopen("conftest", "rb");
|   ;
|   return 0;
| }
configure:15629: result: no
configure:15640: checking readline/readline.h usability
configure:15640: gcc -c -O2  conftest.c >&5
conftest.c:67:31: fatal error: readline/readline.h: No such file or directory
compilation terminated.
configure:15640: $? = 1
configure: failed program was:
| /* confdefs.h */
| #define PACKAGE_NAME "PCRE"
| #define PACKAGE_TARNAME "pcre"
| #define PACKAGE_VERSION "8.12"
| #define PACKAGE_STRING "PCRE 8.12"
| #define PACKAGE_BUGREPORT ""
| #define PACKAGE_URL ""
| #define PACKAGE "pcre"
| #define VERSION "8.12"
| #define STDC_HEADERS 1
| #define HAVE_SYS_TYPES_H 1
| #define HAVE_SYS_STAT_H 1
| #define HAVE_STDLIB_H 1
| #define HAVE_STRING_H 1
| #define HAVE_MEMORY_H 1
| #define HAVE_STRINGS_H 1
| #define HAVE_INTTYPES_H 1
| #define HAVE_STDINT_H 1
| #define HAVE_UNISTD_H 1
| #define LT_OBJDIR ".libs/"
| #define STDC_HEADERS 1
| #define HAVE_LIMITS_H 1
| #define HAVE_SYS_TYPES_H 1
| #define HAVE_SYS_STAT_H 1
| #define HAVE_DIRENT_H 1
| #define HAVE_WINDOWS_H 1
| #define HAVE_STRING 1
| #define HAVE_STRTOLL 1
| #define HAVE_LONG_LONG 1
| #define HAVE_UNSIGNED_LONG_LONG 1
| #define HAVE_MEMMOVE 1
| #define HAVE_STRERROR 1
| /* end confdefs.h.  */
| #include <stdio.h>
| #ifdef HAVE_SYS_TYPES_H
| # include <sys/types.h>
| #endif
| #ifdef HAVE_SYS_STAT_H
| # include <sys/stat.h>
| #endif
| #ifdef STDC_HEADERS
| # include <stdlib.h>
| # include <stddef.h>
| #else
| # ifdef HAVE_STDLIB_H
| #  include <stdlib.h>
| # endif
| #endif
| #ifdef HAVE_STRING_H
| # if !defined STDC_HEADERS && defined HAVE_MEMORY_H
| #  include <memory.h>
| # endif
| # include <string.h>
| #endif
| #ifdef HAVE_STRINGS_H
| # include <strings.h>
| #endif
| #ifdef HAVE_INTTYPES_H
| # include <inttypes.h>
| #endif
| #ifdef HAVE_STDINT_H
| # include <stdint.h>
| #endif
| #ifdef HAVE_UNISTD_H
| # include <unistd.h>
| #endif
| #include <readline/readline.h>
configure:15640: result: no
configure:15640: checking readline/readline.h presence
configure:15640: gcc -E  conftest.c
conftest.c:34:31: fatal error: readline/readline.h: No such file or directory
compilation terminated.
configure:15640: $? = 1
configure: failed program was:
| /* confdefs.h */
| #define PACKAGE_NAME "PCRE"
| #define PACKAGE_TARNAME "pcre"
| #define PACKAGE_VERSION "8.12"
| #define PACKAGE_STRING "PCRE 8.12"
| #define PACKAGE_BUGREPORT ""
| #define PACKAGE_URL ""
| #define PACKAGE "pcre"
| #define VERSION "8.12"
| #define STDC_HEADERS 1
| #define HAVE_SYS_TYPES_H 1
| #define HAVE_SYS_STAT_H 1
| #define HAVE_STDLIB_H 1
| #define HAVE_STRING_H 1
| #define HAVE_MEMORY_H 1
| #define HAVE_STRINGS_H 1
| #define HAVE_INTTYPES_H 1
| #define HAVE_STDINT_H 1
| #define HAVE_UNISTD_H 1
| #define LT_OBJDIR ".libs/"
| #define STDC_HEADERS 1
| #define HAVE_LIMITS_H 1
| #define HAVE_SYS_TYPES_H 1
| #define HAVE_SYS_STAT_H 1
| #define HAVE_DIRENT_H 1
| #define HAVE_WINDOWS_H 1
| #define HAVE_STRING 1
| #define HAVE_STRTOLL 1
| #define HAVE_LONG_LONG 1
| #define HAVE_UNSIGNED_LONG_LONG 1
| #define HAVE_MEMMOVE 1
| #define HAVE_STRERROR 1
| /* end confdefs.h.  */
| #include <readline/readline.h>
configure:15640: result: no
configure:15640: checking for readline/readline.h
configure:15640: result: no
configure:15652: checking readline/history.h usability
configure:15652: gcc -c -O2  conftest.c >&5
conftest.c:67:30: fatal error: readline/history.h: No such file or directory
compilation terminated.
configure:15652: $? = 1
configure: failed program was:
| /* confdefs.h */
| #define PACKAGE_NAME "PCRE"
| #define PACKAGE_TARNAME "pcre"
| #define PACKAGE_VERSION "8.12"
| #define PACKAGE_STRING "PCRE 8.12"
| #define PACKAGE_BUGREPORT ""
| #define PACKAGE_URL ""
| #define PACKAGE "pcre"
| #define VERSION "8.12"
| #define STDC_HEADERS 1
| #define HAVE_SYS_TYPES_H 1
| #define HAVE_SYS_STAT_H 1
| #define HAVE_STDLIB_H 1
| #define HAVE_STRING_H 1
| #define HAVE_MEMORY_H 1
| #define HAVE_STRINGS_H 1
| #define HAVE_INTTYPES_H 1
| #define HAVE_STDINT_H 1
| #define HAVE_UNISTD_H 1
| #define LT_OBJDIR ".libs/"
| #define STDC_HEADERS 1
| #define HAVE_LIMITS_H 1
| #define HAVE_SYS_TYPES_H 1
| #define HAVE_SYS_STAT_H 1
| #define HAVE_DIRENT_H 1
| #define HAVE_WINDOWS_H 1
| #define HAVE_STRING 1
| #define HAVE_STRTOLL 1
| #define HAVE_LONG_LONG 1
| #define HAVE_UNSIGNED_LONG_LONG 1
| #define HAVE_MEMMOVE 1
| #define HAVE_STRERROR 1
| /* end confdefs.h.  */
| #include <stdio.h>
| #ifdef HAVE_SYS_TYPES_H
| # include <sys/types.h>
| #endif
| #ifdef HAVE_SYS_STAT_H
| # include <sys/stat.h>
| #endif
| #ifdef STDC_HEADERS
| # include <stdlib.h>
| # include <stddef.h>
| #else
| # ifdef HAVE_STDLIB_H
| #  include <stdlib.h>
| # endif
| #endif
| #ifdef HAVE_STRING_H
| # if !defined STDC_HEADERS && defined HAVE_MEMORY_H
| #  include <memory.h>
| # endif
| # include <string.h>
| #endif
| #ifdef HAVE_STRINGS_H
| # include <strings.h>
| #endif
| #ifdef HAVE_INTTYPES_H
| # include <inttypes.h>
| #endif
| #ifdef HAVE_STDINT_H
| # include <stdint.h>
| #endif
| #ifdef HAVE_UNISTD_H
| # include <unistd.h>
| #endif
| #include <readline/history.h>
configure:15652: result: no
configure:15652: checking readline/history.h presence
configure:15652: gcc -E  conftest.c
conftest.c:34:30: fatal error: readline/history.h: No such file or directory
compilation terminated.
configure:15652: $? = 1
configure: failed program was:
| /* confdefs.h */
| #define PACKAGE_NAME "PCRE"
| #define PACKAGE_TARNAME "pcre"
| #define PACKAGE_VERSION "8.12"
| #define PACKAGE_STRING "PCRE 8.12"
| #define PACKAGE_BUGREPORT ""
| #define PACKAGE_URL ""
| #define PACKAGE "pcre"
| #define VERSION "8.12"
| #define STDC_HEADERS 1
| #define HAVE_SYS_TYPES_H 1
| #define HAVE_SYS_STAT_H 1
| #define HAVE_STDLIB_H 1
| #define HAVE_STRING_H 1
| #define HAVE_MEMORY_H 1
| #define HAVE_STRINGS_H 1
| #define HAVE_INTTYPES_H 1
| #define HAVE_STDINT_H 1
| #define HAVE_UNISTD_H 1
| #define LT_OBJDIR ".libs/"
| #define STDC_HEADERS 1
| #define HAVE_LIMITS_H 1
| #define HAVE_SYS_TYPES_H 1
| #define HAVE_SYS_STAT_H 1
| #define HAVE_DIRENT_H 1
| #define HAVE_WINDOWS_H 1
| #define HAVE_STRING 1
| #define HAVE_STRTOLL 1
| #define HAVE_LONG_LONG 1
| #define HAVE_UNSIGNED_LONG_LONG 1
| #define HAVE_MEMMOVE 1
| #define HAVE_STRERROR 1
| /* end confdefs.h.  */
| #include <readline/history.h>
configure:15652: result: no
configure:15652: checking for readline/history.h
configure:15652: result: no
configure:15662: checking for readline in -lreadline
configure:15687: gcc -o conftest.exe -O2   conftest.c -lreadline   >&5
c:/mingw/bin/../lib/gcc/mingw32/4.5.2/../../../../mingw32/bin/ld.exe: cannot find -lreadline
collect2: ld returned 1 exit status
configure:15687: $? = 1
configure: failed program was:
| /* confdefs.h */
| #define PACKAGE_NAME "PCRE"
| #define PACKAGE_TARNAME "pcre"
| #define PACKAGE_VERSION "8.12"
| #define PACKAGE_STRING "PCRE 8.12"
| #define PACKAGE_BUGREPORT ""
| #define PACKAGE_URL ""
| #define PACKAGE "pcre"
| #define VERSION "8.12"
| #define STDC_HEADERS 1
| #define HAVE_SYS_TYPES_H 1
| #define HAVE_SYS_STAT_H 1
| #define HAVE_STDLIB_H 1
| #define HAVE_STRING_H 1
| #define HAVE_MEMORY_H 1
| #define HAVE_STRINGS_H 1
| #define HAVE_INTTYPES_H 1
| #define HAVE_STDINT_H 1
| #define HAVE_UNISTD_H 1
| #define LT_OBJDIR ".libs/"
| #define STDC_HEADERS 1
| #define HAVE_LIMITS_H 1
| #define HAVE_SYS_TYPES_H 1
| #define HAVE_SYS_STAT_H 1
| #define HAVE_DIRENT_H 1
| #define HAVE_WINDOWS_H 1
| #define HAVE_STRING 1
| #define HAVE_STRTOLL 1
| #define HAVE_LONG_LONG 1
| #define HAVE_UNSIGNED_LONG_LONG 1
| #define HAVE_MEMMOVE 1
| #define HAVE_STRERROR 1
| /* end confdefs.h.  */
| 
| /* Override any GCC internal prototype to avoid an error.
|    Use char because int might match the return type of a GCC
|    builtin and then its argument prototype would still apply.  */
| #ifdef __cplusplus
| extern "C"
| #endif
| char readline ();
| int
| main ()
| {
| return readline ();
|   ;
|   return 0;
| }
configure:15696: result: no
configure:16026: creating ./config.status

## ---------------------- ##
## Running config.status. ##
## ---------------------- ##

This file was extended by PCRE config.status 8.12, which was
generated by GNU Autoconf 2.65.  Invocation command line was

  CONFIG_FILES    = 
  CONFIG_HEADERS  = 
  CONFIG_LINKS    = 
  CONFIG_COMMANDS = 
  $ ./config.status 

on YF1-A017-D

config.status:1200: creating Makefile
config.status:1200: creating libpcre.pc
config.status:1200: creating libpcreposix.pc
config.status:1200: creating libpcrecpp.pc
config.status:1200: creating pcre-config
config.status:1200: creating pcre.h
config.status:1200: creating pcre_stringpiece.h
config.status:1200: creating pcrecpparg.h
config.status:1200: creating config.h
config.status:1420: executing depfiles commands
config.status:1420: executing libtool commands
config.status:1420: executing script-chmod commands
config.status:1420: executing delete-old-chartables commands

## ---------------- ##
## Cache variables. ##
## ---------------- ##

ac_cv_build=i686-pc-mingw32
ac_cv_c_compiler_gnu=yes
ac_cv_c_const=yes
ac_cv_c_int64_t=yes
ac_cv_cxx_compiler_gnu=yes
ac_cv_env_CCC_set=
ac_cv_env_CCC_value=
ac_cv_env_CC_set=
ac_cv_env_CC_value=
ac_cv_env_CFLAGS_set=
ac_cv_env_CFLAGS_value=
ac_cv_env_CPPFLAGS_set=
ac_cv_env_CPPFLAGS_value=
ac_cv_env_CPP_set=
ac_cv_env_CPP_value=
ac_cv_env_CXXCPP_set=
ac_cv_env_CXXCPP_value=
ac_cv_env_CXXFLAGS_set=
ac_cv_env_CXXFLAGS_value=
ac_cv_env_CXX_set=
ac_cv_env_CXX_value=
ac_cv_env_LDFLAGS_set=
ac_cv_env_LDFLAGS_value=
ac_cv_env_LIBS_set=
ac_cv_env_LIBS_value=
ac_cv_env_build_alias_set=
ac_cv_env_build_alias_value=
ac_cv_env_host_alias_set=
ac_cv_env_host_alias_value=
ac_cv_env_target_alias_set=
ac_cv_env_target_alias_value=
ac_cv_exeext=.exe
ac_cv_func_bcopy=no
ac_cv_func_memmove=yes
ac_cv_func_strerror=yes
ac_cv_header_bits_type_traits_h=no
ac_cv_header_bzlib_h=no
ac_cv_header_dirent_h=yes
ac_cv_header_dlfcn_h=no
ac_cv_header_inttypes_h=yes
ac_cv_header_limits_h=yes
ac_cv_header_memory_h=yes
ac_cv_header_readline_history_h=no
ac_cv_header_readline_readline_h=no
ac_cv_header_stdc=yes
ac_cv_header_stdint_h=yes
ac_cv_header_stdlib_h=yes
ac_cv_header_string=yes
ac_cv_header_string_h=yes
ac_cv_header_strings_h=yes
ac_cv_header_sys_stat_h=yes
ac_cv_header_sys_types_h=yes
ac_cv_header_type_traits_h=no
ac_cv_header_unistd_h=yes
ac_cv_header_windows_h=yes
ac_cv_header_zlib_h=no
ac_cv_host=i686-pc-mingw32
ac_cv_lib_readline_readline=no
ac_cv_lib_z_gzopen=no
ac_cv_objext=o
ac_cv_path_EGREP='/mingw/bin/grep -E'
ac_cv_path_FGREP='/mingw/bin/grep -F'
ac_cv_path_GREP=/mingw/bin/grep
ac_cv_path_SED=/mingw/bin/sed
ac_cv_path_install='/mingw/bin/install -c'
ac_cv_path_mkdir=/mingw/bin/mkdir
ac_cv_prog_AWK=gawk
ac_cv_prog_CPP='gcc -E'
ac_cv_prog_CXXCPP='g++ -E'
ac_cv_prog_ac_ct_AR=ar
ac_cv_prog_ac_ct_AS=as
ac_cv_prog_ac_ct_CC=gcc
ac_cv_prog_ac_ct_CXX=g++
ac_cv_prog_ac_ct_DLLTOOL=dlltool
ac_cv_prog_ac_ct_OBJDUMP=objdump
ac_cv_prog_ac_ct_RANLIB=ranlib
ac_cv_prog_ac_ct_STRIP=strip
ac_cv_prog_cc_c89=
ac_cv_prog_cc_g=yes
ac_cv_prog_cxx_g=yes
ac_cv_prog_make_make_set=yes
ac_cv_type_long_long=yes
ac_cv_type_size_t=yes
ac_cv_type_unsigned_long_long=yes
am_cv_CC_dependencies_compiler_type=gcc3
am_cv_CXX_dependencies_compiler_type=gcc3
lt_cv_archive_cmds_need_lc=yes
lt_cv_deplibs_check_method='file_magic ^x86 archive import|^x86 DLL'
lt_cv_file_magic_cmd=func_win32_libid
lt_cv_file_magic_test_file=
lt_cv_ld_reload_flag=-r
lt_cv_nm_interface='BSD nm'
lt_cv_objdir=.libs
lt_cv_path_LD=c:/mingw/mingw32/bin/ld.exe
lt_cv_path_LDCXX=c:/mingw/mingw32/bin/ld.exe
lt_cv_path_NM=/mingw/bin/nm
lt_cv_prog_compiler_c_o=yes
lt_cv_prog_compiler_c_o_CXX=yes
lt_cv_prog_compiler_pic_works=yes
lt_cv_prog_compiler_pic_works_CXX=yes
lt_cv_prog_compiler_rtti_exceptions=no
lt_cv_prog_compiler_static_works=yes
lt_cv_prog_compiler_static_works_CXX=yes
lt_cv_prog_gnu_ld=yes
lt_cv_prog_gnu_ldcxx=yes
lt_cv_sys_global_symbol_pipe='sed -n -e '\''s/^.*[	 ]\([ABCDGIRSTW][ABCDGIRSTW]*\)[	 ][	 ]*_\([_A-Za-z][_A-Za-z0-9]*\)\{0,1\}$/\1 _\2 \2/p'\'''
lt_cv_sys_global_symbol_to_c_name_address='sed -n -e '\''s/^: \([^ ]*\) $/  {\"\1\", (void *) 0},/p'\'' -e '\''s/^[ABCDGIRSTW]* \([^ ]*\) \([^ ]*\)$/  {"\2", (void *) \&\2},/p'\'''
lt_cv_sys_global_symbol_to_c_name_address_lib_prefix='sed -n -e '\''s/^: \([^ ]*\) $/  {\"\1\", (void *) 0},/p'\'' -e '\''s/^[ABCDGIRSTW]* \([^ ]*\) \(lib[^ ]*\)$/  {"\2", (void *) \&\2},/p'\'' -e '\''s/^[ABCDGIRSTW]* \([^ ]*\) \([^ ]*\)$/  {"lib\2", (void *) \&\2},/p'\'''
lt_cv_sys_global_symbol_to_cdecl='sed -n -e '\''s/^T .* \(.*\)$/extern int \1();/p'\'' -e '\''s/^[ABCDGIRSTW]* .* \(.*\)$/extern char \1;/p'\'''
lt_cv_sys_max_cmd_len=8192

## ----------------- ##
## Output variables. ##
## ----------------- ##

ACLOCAL='${SHELL} /d/pcre-8.12/missing --run aclocal-1.11'
AMDEPBACKSLASH='\'
AMDEP_FALSE='#'
AMDEP_TRUE=''
AMTAR='${SHELL} /d/pcre-8.12/missing --run tar'
AR='ar'
AS='as'
AUTOCONF='${SHELL} /d/pcre-8.12/missing --run autoconf'
AUTOHEADER='${SHELL} /d/pcre-8.12/missing --run autoheader'
AUTOMAKE='${SHELL} /d/pcre-8.12/missing --run automake-1.11'
AWK='gawk'
CC='gcc'
CCDEPMODE='depmode=gcc3'
CFLAGS='-O2'
CPP='gcc -E'
CPPFLAGS=''
CXX='g++'
CXXCPP='g++ -E'
CXXDEPMODE='depmode=gcc3'
CXXFLAGS='-O2'
CYGPATH_W='echo'
DEFS='-DHAVE_CONFIG_H'
DEPDIR='.deps'
DISTCHECK_CONFIGURE_FLAGS='--enable-cpp --enable-unicode-properties'
DLLTOOL='dlltool'
DSYMUTIL=''
DUMPBIN=''
ECHO_C=''
ECHO_N='-n'
ECHO_T=''
EGREP='/mingw/bin/grep -E'
EXEEXT='.exe'
EXTRA_LIBPCRECPP_LDFLAGS='                           -no-undefined -version-info 0:0:0                           -Wl,--export-all-symbols'
EXTRA_LIBPCREPOSIX_LDFLAGS='                             -no-undefined -version-info 0:0:0'
EXTRA_LIBPCRE_LDFLAGS='                        -no-undefined -version-info 0:1:0'
FGREP='/mingw/bin/grep -F'
GREP='/mingw/bin/grep'
INSTALL_DATA='${INSTALL} -m 644'
INSTALL_PROGRAM='${INSTALL}'
INSTALL_SCRIPT='${INSTALL}'
INSTALL_STRIP_PROGRAM='$(install_sh) -c -s'
LD='c:/mingw/mingw32/bin/ld.exe'
LDFLAGS=''
LIBBZ2=''
LIBOBJS=''
LIBREADLINE=''
LIBS=''
LIBTOOL='$(SHELL) $(top_builddir)/libtool'
LIBZ=''
LIPO=''
LN_S='cp -p'
LTLIBOBJS=''
MAKEINFO='${SHELL} /d/pcre-8.12/missing --run makeinfo'
MKDIR_P='/mingw/bin/mkdir -p'
NM='/mingw/bin/nm'
NMEDIT=''
OBJDUMP='objdump'
OBJEXT='o'
OTOOL64=''
OTOOL=''
PACKAGE='pcre'
PACKAGE_BUGREPORT=''
PACKAGE_NAME='PCRE'
PACKAGE_STRING='PCRE 8.12'
PACKAGE_TARNAME='pcre'
PACKAGE_URL=''
PACKAGE_VERSION='8.12'
PATH_SEPARATOR=':'
PCRE_DATE='2011-01-15'
PCRE_MAJOR='8'
PCRE_MINOR='12'
PCRE_PRERELEASE=''
PCRE_STATIC_CFLAG=''
RANLIB='ranlib'
SED='/mingw/bin/sed'
SET_MAKE=''
SHELL='/bin/sh'
STRIP='strip'
VERSION='8.12'
WITH_PCRE_CPP_FALSE='#'
WITH_PCRE_CPP_TRUE=''
WITH_REBUILD_CHARTABLES_FALSE=''
WITH_REBUILD_CHARTABLES_TRUE='#'
ac_ct_CC='gcc'
ac_ct_CXX='g++'
ac_ct_DUMPBIN=''
am__EXEEXT_FALSE='#'
am__EXEEXT_TRUE=''
am__fastdepCC_FALSE='#'
am__fastdepCC_TRUE=''
am__fastdepCXX_FALSE='#'
am__fastdepCXX_TRUE=''
am__include='include'
am__isrc=''
am__leading_dot='.'
am__quote=''
am__tar='${AMTAR} chof - "$$tardir"'
am__untar='${AMTAR} xf -'
bindir='${exec_prefix}/bin'
build='i686-pc-mingw32'
build_alias=''
build_cpu='i686'
build_os='mingw32'
build_vendor='pc'
datadir='${datarootdir}'
datarootdir='${prefix}/share'
docdir='${datarootdir}/doc/${PACKAGE_TARNAME}'
dvidir='${docdir}'
enable_cpp='yes'
exec_prefix='${prefix}'
host='i686-pc-mingw32'
host_alias=''
host_cpu='i686'
host_os='mingw32'
host_vendor='pc'
htmldir='${docdir}/html'
includedir='${prefix}/include'
infodir='${datarootdir}/info'
install_sh='${SHELL} /d/pcre-8.12/install-sh'
libdir='${exec_prefix}/lib'
libexecdir='${exec_prefix}/libexec'
localedir='${datarootdir}/locale'
localstatedir='${prefix}/var'
mandir='${datarootdir}/man'
mkdir_p='/mingw/bin/mkdir -p'
oldincludedir='/usr/include'
pcre_have_bits_type_traits='0'
pcre_have_long_long='1'
pcre_have_type_traits='0'
pcre_have_ulong_long='1'
pdfdir='${docdir}'
prefix='/d/pcre-8.12/build'
program_transform_name='s,x,x,'
psdir='${docdir}'
sbindir='${exec_prefix}/sbin'
sharedstatedir='${prefix}/com'
sysconfdir='${prefix}/etc'
target_alias=''

## ----------- ##
## confdefs.h. ##
## ----------- ##

/* confdefs.h */
#define PACKAGE_NAME "PCRE"
#define PACKAGE_TARNAME "pcre"
#define PACKAGE_VERSION "8.12"
#define PACKAGE_STRING "PCRE 8.12"
#define PACKAGE_BUGREPORT ""
#define PACKAGE_URL ""
#define PACKAGE "pcre"
#define VERSION "8.12"
#define STDC_HEADERS 1
#define HAVE_SYS_TYPES_H 1
#define HAVE_SYS_STAT_H 1
#define HAVE_STDLIB_H 1
#define HAVE_STRING_H 1
#define HAVE_MEMORY_H 1
#define HAVE_STRINGS_H 1
#define HAVE_INTTYPES_H 1
#define HAVE_STDINT_H 1
#define HAVE_UNISTD_H 1
#define LT_OBJDIR ".libs/"
#define STDC_HEADERS 1
#define HAVE_LIMITS_H 1
#define HAVE_SYS_TYPES_H 1
#define HAVE_SYS_STAT_H 1
#define HAVE_DIRENT_H 1
#define HAVE_WINDOWS_H 1
#define HAVE_STRING 1
#define HAVE_STRTOLL 1
#define HAVE_LONG_LONG 1
#define HAVE_UNSIGNED_LONG_LONG 1
#define HAVE_MEMMOVE 1
#define HAVE_STRERROR 1
#define NEWLINE 10
#define LINK_SIZE 2
#define POSIX_MALLOC_THRESHOLD 10
#define MATCH_LIMIT 10000000
#define MATCH_LIMIT_RECURSION MATCH_LIMIT
#define MAX_NAME_SIZE 32
#define MAX_NAME_COUNT 10000

configure: exit 0
